2023-12-18 13:50:02.219 [info] ログ レベル: Info
2023-12-18 13:50:02.219 [info] Git の検証が検出されました: "git"
2023-12-18 13:50:02.219 [info] "git" から Git "2.34.1" を使用しています
2023-12-18 13:50:02.219 [info] > git rev-parse --show-toplevel [1006ms]
2023-12-18 13:50:02.219 [info] > git rev-parse --show-toplevel [16ms]
2023-12-18 13:50:02.239 [info] > git rev-parse --show-toplevel [8ms]
2023-12-18 16:14:10.332 [info] > git rev-parse --show-toplevel [32ms]
2023-12-18 16:15:33.276 [info] > git rev-parse --show-toplevel [2ms]
2023-12-18 16:18:55.796 [info] > git rev-parse --show-toplevel [1ms]
2023-12-18 16:19:26.435 [info] > git rev-parse --show-toplevel [5ms]
2023-12-18 16:19:28.542 [info] > git rev-parse --show-toplevel [2ms]
2023-12-18 16:26:21.943 [info] > git rev-parse --show-toplevel [4ms]
2023-12-18 16:27:31.787 [info] > git rev-parse --show-toplevel [2ms]
2023-12-18 16:34:33.763 [info] > git rev-parse --show-toplevel [4ms]
2023-12-18 16:35:06.565 [info] > git rev-parse --show-toplevel [3ms]
2023-12-18 16:35:56.960 [info] > git rev-parse --show-toplevel [4ms]
2023-12-18 16:35:58.804 [info] > git rev-parse --show-toplevel [3ms]
2023-12-18 16:36:00.890 [info] > git rev-parse --show-toplevel [2ms]
2023-12-18 16:36:02.389 [info] > git rev-parse --show-toplevel [3ms]
2023-12-18 16:36:17.707 [info] > git rev-parse --show-toplevel [3ms]
2023-12-18 16:36:29.223 [info] > git rev-parse --show-toplevel [2ms]
2023-12-18 16:36:39.219 [info] > git rev-parse --show-toplevel [7ms]
2023-12-18 16:36:57.235 [info] > git rev-parse --show-toplevel [3ms]
2023-12-18 16:37:00.359 [info] > git rev-parse --show-toplevel [4ms]
2023-12-18 16:37:15.316 [info] > git rev-parse --show-toplevel [4ms]
2023-12-18 16:37:19.601 [info] > git rev-parse --show-toplevel [3ms]
2023-12-18 16:37:30.376 [info] > git rev-parse --show-toplevel [3ms]
2023-12-18 16:37:53.493 [info] > git rev-parse --show-toplevel [4ms]
2023-12-18 16:38:06.725 [info] > git rev-parse --show-toplevel [2ms]
2023-12-18 16:38:08.810 [info] > git rev-parse --show-toplevel [3ms]
2023-12-18 16:38:32.514 [info] > git rev-parse --show-toplevel [7ms]
2023-12-18 16:38:45.203 [info] > git rev-parse --show-toplevel [2ms]
2023-12-18 16:39:05.581 [info] > git rev-parse --show-toplevel [2ms]
2023-12-18 16:39:09.102 [info] > git rev-parse --show-toplevel [3ms]
2023-12-18 16:39:22.932 [info] > git rev-parse --show-toplevel [3ms]
2023-12-18 16:39:28.227 [info] > git rev-parse --show-toplevel [4ms]
2023-12-18 16:39:51.454 [info] > git rev-parse --show-toplevel [4ms]
2023-12-18 16:40:25.395 [info] > git rev-parse --show-toplevel [4ms]
2023-12-18 16:50:57.063 [info] > git rev-parse --show-toplevel [2ms]
2023-12-18 16:53:49.095 [info] > git rev-parse --show-toplevel [5ms]
2023-12-18 16:54:01.883 [info] > git rev-parse --show-toplevel [2ms]
2023-12-18 16:58:59.649 [info] > git rev-parse --show-toplevel [3ms]
2023-12-18 16:59:03.650 [info] > git rev-parse --show-toplevel [1ms]
2023-12-18 16:59:04.415 [info] > git rev-parse --show-toplevel [2ms]
2023-12-18 16:59:43.722 [info] > git rev-parse --show-toplevel [4ms]
2023-12-18 17:05:26.023 [info] > git rev-parse --show-toplevel [3ms]
2023-12-18 17:05:46.437 [info] > git rev-parse --show-toplevel [1ms]
2023-12-18 17:12:54.317 [info] > git rev-parse --show-toplevel [2ms]
2023-12-18 17:13:42.099 [info] > git rev-parse --show-toplevel [2ms]
2023-12-18 17:15:04.569 [info] > git rev-parse --show-toplevel [3ms]
2023-12-18 17:15:15.122 [info] > git rev-parse --show-toplevel [5ms]
2023-12-18 17:15:27.256 [info] > git rev-parse --show-toplevel [2ms]
2023-12-18 17:15:44.541 [info] > git rev-parse --show-toplevel [1ms]
2023-12-18 17:37:13.179 [info] > git rev-parse --show-toplevel [26ms]
2023-12-18 17:37:37.313 [info] > git rev-parse --show-toplevel [1ms]
2023-12-18 17:39:13.742 [info] > git rev-parse --show-toplevel [6ms]
2023-12-18 17:39:14.788 [info] > git rev-parse --show-toplevel [4ms]
2023-12-18 17:39:38.836 [info] > git rev-parse --show-toplevel [4ms]
2023-12-18 17:45:11.481 [info] > git rev-parse --show-toplevel [4ms]
2023-12-18 17:49:59.705 [info] > git rev-parse --show-toplevel [3ms]
2023-12-18 17:50:14.769 [info] > git rev-parse --show-toplevel [5ms]
2023-12-18 17:50:22.903 [info] > git rev-parse --show-toplevel [3ms]
2023-12-18 17:50:28.614 [info] > git rev-parse --show-toplevel [3ms]
2023-12-18 17:50:34.566 [info] > git rev-parse --show-toplevel [3ms]
2023-12-18 18:08:00.165 [info] > git rev-parse --show-toplevel [5ms]
2023-12-18 18:11:19.109 [info] > git rev-parse --show-toplevel [3ms]
2023-12-18 18:12:36.279 [info] > git rev-parse --show-toplevel [2ms]
2023-12-18 18:23:08.389 [info] > git rev-parse --show-toplevel [5ms]
2023-12-18 19:04:03.170 [info] > git rev-parse --show-toplevel [6ms]
2023-12-18 19:15:58.295 [info] > git rev-parse --show-toplevel [19ms]
2023-12-18 19:17:00.424 [info] > git rev-parse --show-toplevel [5ms]
2023-12-18 19:20:11.135 [info] > git rev-parse --show-toplevel [5ms]
2023-12-18 19:38:24.200 [info] > git rev-parse --show-toplevel [2ms]
2023-12-18 19:39:55.621 [info] > git rev-parse --show-toplevel [2ms]
2023-12-18 19:51:52.243 [info] > git rev-parse --show-toplevel [4ms]
2023-12-18 19:51:56.331 [info] > git rev-parse --show-toplevel [1ms]
2023-12-18 19:52:21.736 [info] > git rev-parse --show-toplevel [1ms]
2023-12-18 21:07:05.969 [info] > git rev-parse --show-toplevel [23ms]
2023-12-18 21:07:13.495 [info] > git rev-parse --show-toplevel [2ms]
2023-12-18 21:07:27.507 [info] > git rev-parse --show-toplevel [3ms]
2023-12-18 21:08:24.226 [info] > git rev-parse --show-toplevel [3ms]
2023-12-18 21:15:23.225 [info] > git rev-parse --show-toplevel [26ms]
2023-12-18 21:16:59.427 [info] > git rev-parse --show-toplevel [2ms]
2023-12-18 21:17:19.552 [info] > git rev-parse --show-toplevel [1ms]
2023-12-18 21:17:33.520 [info] > git rev-parse --show-toplevel [3ms]
2023-12-18 21:17:34.207 [info] > git rev-parse --show-toplevel [1ms]
2023-12-18 21:17:40.731 [info] > git rev-parse --show-toplevel [1ms]
2023-12-18 21:18:50.782 [info] > git rev-parse --show-toplevel [6ms]
2023-12-18 21:18:53.207 [info] > git rev-parse --show-toplevel [1ms]
2023-12-18 21:19:08.244 [info] > git rev-parse --show-toplevel [1ms]
2023-12-18 21:28:04.942 [info] > git rev-parse --show-toplevel [3ms]
2023-12-18 21:28:04.966 [info] > git rev-parse --git-dir --git-common-dir [3ms]
2023-12-18 21:28:05.067 [info] Open repository: /home/harkeye/coachtech/php
2023-12-18 21:28:05.105 [info] > git config --get commit.template [17ms]
2023-12-18 21:28:05.109 [info] > git for-each-ref --format=%(refname)%00%(upstream:short)%00%(objectname)%00%(upstream:track)%00%(upstream:remotename)%00%(upstream:remoteref) refs/heads/main refs/remotes/main [6ms]
2023-12-18 21:28:05.121 [warning] ENOENT: no such file or directory, open '/home/harkeye/coachtech/php/.git/refs/remotes/origin/main'
2023-12-18 21:28:05.123 [info] > git rev-parse refs/remotes/origin/main [1ms]
2023-12-18 21:28:05.144 [info] > git status -z -uall [9ms]
2023-12-18 21:28:05.192 [info] > git config --get commit.template [4ms]
2023-12-18 21:28:05.206 [info] > git for-each-ref --format=%(refname)%00%(upstream:short)%00%(objectname)%00%(upstream:track)%00%(upstream:remotename)%00%(upstream:remoteref) refs/heads/main refs/remotes/main [3ms]
2023-12-18 21:28:05.215 [warning] ENOENT: no such file or directory, open '/home/harkeye/coachtech/php/.git/refs/remotes/origin/main'
2023-12-18 21:28:05.216 [info] > git rev-parse refs/remotes/origin/main [1ms]
2023-12-18 21:28:05.229 [info] > git status -z -uall [3ms]
2023-12-18 21:28:05.535 [info] > git show --textconv :src/世界時計php03/config/cities.php [18ms]
2023-12-18 21:28:05.539 [info] > git ls-files --stage -- /home/harkeye/coachtech/php/src/世界時計php03/config/cities.php [6ms]
2023-12-18 21:28:05.708 [info] > git check-ignore -v -z --stdin [4ms]
2023-12-18 21:28:08.957 [info] > git show --textconv :src/世界時計php03/result.php [11ms]
2023-12-18 21:28:08.960 [info] > git ls-files --stage -- /home/harkeye/coachtech/php/src/世界時計php03/result.php [4ms]
2023-12-18 21:28:10.339 [info] > git show --textconv :src/世界時計php03/config/cities.php [10ms]
2023-12-18 21:28:10.342 [info] > git ls-files --stage -- /home/harkeye/coachtech/php/src/世界時計php03/config/cities.php [3ms]
2023-12-18 21:28:26.694 [info] > git show --textconv :src/世界時計php03/result.php [8ms]
2023-12-18 21:28:26.696 [info] > git ls-files --stage -- /home/harkeye/coachtech/php/src/世界時計php03/result.php [2ms]
2023-12-18 21:28:46.248 [info] > git check-ignore -v -z --stdin [3ms]
2023-12-18 21:28:47.780 [info] > git check-ignore -v -z --stdin [3ms]
2023-12-18 21:28:54.569 [info] > git rev-parse --show-toplevel [13ms]
2023-12-18 21:28:54.569 [info] fatal: not a git repository (or any of the parent directories): .git
2023-12-18 21:29:01.674 [info] > git show --textconv :src/世界時計php03/世界時計ホーム画面index.php [10ms]
2023-12-18 21:29:01.677 [info] > git ls-files --stage -- /home/harkeye/coachtech/php/src/世界時計php03/世界時計ホーム画面index.php [3ms]
2023-12-18 21:29:11.403 [info] > git show --textconv :src/世界時計php03/result.php [9ms]
2023-12-18 21:29:11.409 [info] > git ls-files --stage -- /home/harkeye/coachtech/php/src/世界時計php03/result.php [6ms]
2023-12-18 21:29:12.790 [info] > git show --textconv :src/世界時計php03/世界時計ホーム画面index.php [13ms]
2023-12-18 21:29:12.792 [info] > git ls-files --stage -- /home/harkeye/coachtech/php/src/世界時計php03/世界時計ホーム画面index.php [3ms]
2023-12-18 21:30:02.768 [info] > git show --textconv :src/php04/index.php [10ms]
2023-12-18 21:30:02.770 [info] > git ls-files --stage -- /home/harkeye/coachtech/php/src/php04/index.php [4ms]
2023-12-18 21:31:12.740 [info] > git config --get commit.template [20ms]
2023-12-18 21:31:12.741 [info] > git for-each-ref --format=%(refname)%00%(upstream:short)%00%(objectname)%00%(upstream:track)%00%(upstream:remotename)%00%(upstream:remoteref) refs/heads/main refs/remotes/main [7ms]
2023-12-18 21:31:12.754 [warning] ENOENT: no such file or directory, open '/home/harkeye/coachtech/php/.git/refs/remotes/origin/main'
2023-12-18 21:31:12.756 [info] > git rev-parse refs/remotes/origin/main [3ms]
2023-12-18 21:31:12.774 [info] > git status -z -uall [4ms]
2023-12-18 21:34:24.847 [info] > git config --get commit.template [2ms]
2023-12-18 21:34:24.860 [info] > git for-each-ref --format=%(refname)%00%(upstream:short)%00%(objectname)%00%(upstream:track)%00%(upstream:remotename)%00%(upstream:remoteref) refs/heads/main refs/remotes/main [2ms]
2023-12-18 21:34:24.869 [warning] ENOENT: no such file or directory, open '/home/harkeye/coachtech/php/.git/refs/remotes/origin/main'
2023-12-18 21:34:24.872 [info] > git rev-parse refs/remotes/origin/main [4ms]
2023-12-18 21:34:24.883 [info] > git status -z -uall [3ms]
2023-12-18 21:35:06.393 [info] > git show --textconv :src/世界時計php03/css/sanitize.css [15ms]
2023-12-18 21:35:06.396 [info] > git ls-files --stage -- /home/harkeye/coachtech/php/src/世界時計php03/css/sanitize.css [5ms]
2023-12-18 21:35:53.766 [info] > git show --textconv :src/php04/css/sanitize.css [10ms]
2023-12-18 21:35:53.769 [info] > git ls-files --stage -- /home/harkeye/coachtech/php/src/php04/css/sanitize.css [5ms]
2023-12-18 21:36:00.313 [info] > git config --get commit.template [3ms]
2023-12-18 21:36:00.327 [info] > git for-each-ref --format=%(refname)%00%(upstream:short)%00%(objectname)%00%(upstream:track)%00%(upstream:remotename)%00%(upstream:remoteref) refs/heads/main refs/remotes/main [2ms]
2023-12-18 21:36:00.337 [warning] ENOENT: no such file or directory, open '/home/harkeye/coachtech/php/.git/refs/remotes/origin/main'
2023-12-18 21:36:00.339 [info] > git rev-parse refs/remotes/origin/main [3ms]
2023-12-18 21:36:00.352 [info] > git status -z -uall [4ms]
2023-12-18 21:36:02.832 [info] > git show --textconv :src/php04/css/common.css [9ms]
2023-12-18 21:36:02.834 [info] > git ls-files --stage -- /home/harkeye/coachtech/php/src/php04/css/common.css [2ms]
2023-12-18 21:36:03.825 [info] > git show --textconv :src/php04/css/index.css [9ms]
2023-12-18 21:36:03.828 [info] > git ls-files --stage -- /home/harkeye/coachtech/php/src/php04/css/index.css [3ms]
2023-12-18 21:36:05.194 [info] > git show --textconv :src/php04/css/result.css [15ms]
2023-12-18 21:36:05.196 [info] > git ls-files --stage -- /home/harkeye/coachtech/php/src/php04/css/result.css [3ms]
2023-12-18 21:36:05.705 [info] > git show --textconv :src/php04/css/sanitize.css [14ms]
2023-12-18 21:36:05.706 [info] > git ls-files --stage -- /home/harkeye/coachtech/php/src/php04/css/sanitize.css [3ms]
2023-12-18 21:36:37.841 [info] > git show --textconv :src/php04/index.php [10ms]
2023-12-18 21:36:37.843 [info] > git ls-files --stage -- /home/harkeye/coachtech/php/src/php04/index.php [4ms]
2023-12-18 21:40:03.450 [info] > git config --get commit.template [21ms]
2023-12-18 21:40:03.468 [info] > git for-each-ref --format=%(refname)%00%(upstream:short)%00%(objectname)%00%(upstream:track)%00%(upstream:remotename)%00%(upstream:remoteref) refs/heads/main refs/remotes/main [2ms]
2023-12-18 21:40:03.477 [warning] ENOENT: no such file or directory, open '/home/harkeye/coachtech/php/.git/refs/remotes/origin/main'
2023-12-18 21:40:03.479 [info] > git rev-parse refs/remotes/origin/main [2ms]
2023-12-18 21:40:03.493 [info] > git status -z -uall [4ms]
2023-12-18 21:40:06.389 [info] > git show --textconv :src/php04/css/common.css [12ms]
2023-12-18 21:40:06.392 [info] > git ls-files --stage -- /home/harkeye/coachtech/php/src/php04/css/common.css [4ms]
2023-12-18 21:42:59.393 [info] > git config --get commit.template [11ms]
2023-12-18 21:42:59.395 [info] > git for-each-ref --format=%(refname)%00%(upstream:short)%00%(objectname)%00%(upstream:track)%00%(upstream:remotename)%00%(upstream:remoteref) refs/heads/main refs/remotes/main [4ms]
2023-12-18 21:42:59.403 [warning] ENOENT: no such file or directory, open '/home/harkeye/coachtech/php/.git/refs/remotes/origin/main'
2023-12-18 21:42:59.405 [info] > git rev-parse refs/remotes/origin/main [1ms]
2023-12-18 21:42:59.417 [info] > git status -z -uall [3ms]
2023-12-18 21:45:36.256 [info] > git show --textconv :src/php04/index.php [16ms]
2023-12-18 21:45:36.259 [info] > git ls-files --stage -- /home/harkeye/coachtech/php/src/php04/index.php [6ms]
2023-12-18 21:49:39.848 [info] > git show --textconv :src/php04/css/index.css [17ms]
2023-12-18 21:49:39.852 [info] > git ls-files --stage -- /home/harkeye/coachtech/php/src/php04/css/index.css [6ms]
2023-12-18 21:52:44.567 [info] > git config --get commit.template [2ms]
2023-12-18 21:52:44.580 [info] > git for-each-ref --format=%(refname)%00%(upstream:short)%00%(objectname)%00%(upstream:track)%00%(upstream:remotename)%00%(upstream:remoteref) refs/heads/main refs/remotes/main [3ms]
2023-12-18 21:52:44.588 [warning] ENOENT: no such file or directory, open '/home/harkeye/coachtech/php/.git/refs/remotes/origin/main'
2023-12-18 21:52:44.589 [info] > git rev-parse refs/remotes/origin/main [1ms]
2023-12-18 21:52:44.602 [info] > git status -z -uall [3ms]
2023-12-18 21:52:52.409 [info] > git show --textconv :src/php04/index.php [9ms]
2023-12-18 21:52:52.412 [info] > git ls-files --stage -- /home/harkeye/coachtech/php/src/php04/index.php [3ms]
2023-12-18 22:03:36.458 [info] > git config --get commit.template [4ms]
2023-12-18 22:03:36.477 [info] > git for-each-ref --format=%(refname)%00%(upstream:short)%00%(objectname)%00%(upstream:track)%00%(upstream:remotename)%00%(upstream:remoteref) refs/heads/main refs/remotes/main [3ms]
2023-12-18 22:03:36.487 [warning] ENOENT: no such file or directory, open '/home/harkeye/coachtech/php/.git/refs/remotes/origin/main'
2023-12-18 22:03:36.488 [info] > git rev-parse refs/remotes/origin/main [1ms]
2023-12-18 22:03:36.498 [info] > git status -z -uall [2ms]
2023-12-18 22:03:46.225 [info] > git show --textconv :src/php04/css/index.css [9ms]
2023-12-18 22:03:46.227 [info] > git ls-files --stage -- /home/harkeye/coachtech/php/src/php04/css/index.css [3ms]
2023-12-18 22:04:35.473 [info] > git config --get commit.template [2ms]
2023-12-18 22:04:35.489 [info] > git for-each-ref --format=%(refname)%00%(upstream:short)%00%(objectname)%00%(upstream:track)%00%(upstream:remotename)%00%(upstream:remoteref) refs/heads/main refs/remotes/main [4ms]
2023-12-18 22:04:35.500 [warning] ENOENT: no such file or directory, open '/home/harkeye/coachtech/php/.git/refs/remotes/origin/main'
2023-12-18 22:04:35.502 [info] > git rev-parse refs/remotes/origin/main [2ms]
2023-12-18 22:04:35.515 [info] > git status -z -uall [3ms]
2023-12-18 22:05:50.915 [info] > git config --get commit.template [14ms]
2023-12-18 22:05:50.918 [info] > git for-each-ref --format=%(refname)%00%(upstream:short)%00%(objectname)%00%(upstream:track)%00%(upstream:remotename)%00%(upstream:remoteref) refs/heads/main refs/remotes/main [5ms]
2023-12-18 22:05:50.926 [warning] ENOENT: no such file or directory, open '/home/harkeye/coachtech/php/.git/refs/remotes/origin/main'
2023-12-18 22:05:50.927 [info] > git rev-parse refs/remotes/origin/main [2ms]
2023-12-18 22:05:50.938 [info] > git status -z -uall [1ms]
