2023-12-19 17:29:29.095 [info] ログ レベル: Info
2023-12-19 17:29:29.095 [info] Git の検証が検出されました: "git"
2023-12-19 17:29:29.095 [info] "git" から Git "2.34.1" を使用しています
2023-12-19 17:29:29.095 [info] > git rev-parse --show-toplevel [14ms]
2023-12-19 17:29:29.095 [info] > git rev-parse --git-dir --git-common-dir [5ms]
2023-12-19 17:29:29.095 [info] Open repository: /home/harkeye/coachtech/php
2023-12-19 17:29:29.095 [info] > git config --get commit.template [17ms]
2023-12-19 17:29:29.095 [info] > git rev-parse --show-toplevel [32ms]
2023-12-19 17:29:29.095 [info] > git rev-parse --show-toplevel [3ms]
2023-12-19 17:29:29.095 [info] > git rev-parse --show-toplevel [6ms]
2023-12-19 17:29:29.095 [info] > git for-each-ref --format=%(refname)%00%(upstream:short)%00%(objectname)%00%(upstream:track)%00%(upstream:remotename)%00%(upstream:remoteref) refs/heads/main refs/remotes/main [87ms]
2023-12-19 17:29:29.095 [info] > git rev-parse --show-toplevel [4ms]
2023-12-19 17:29:29.095 [warning] ENOENT: no such file or directory, open '/home/harkeye/coachtech/php/.git/refs/remotes/origin/main'
2023-12-19 17:29:29.095 [info] > git rev-parse refs/remotes/origin/main [10ms]
2023-12-19 17:29:29.095 [info] > git status -z -uall [20ms]
2023-12-19 17:29:29.095 [info] > git config --get commit.template [422ms]
2023-12-19 17:29:29.095 [info] > git for-each-ref --format=%(refname)%00%(upstream:short)%00%(objectname)%00%(upstream:track)%00%(upstream:remotename)%00%(upstream:remoteref) refs/heads/main refs/remotes/main [24ms]
2023-12-19 17:29:29.095 [warning] ENOENT: no such file or directory, open '/home/harkeye/coachtech/php/.git/refs/remotes/origin/main'
2023-12-19 17:29:29.095 [info] > git rev-parse refs/remotes/origin/main [19ms]
2023-12-19 17:29:29.222 [info] > git status -z -uall [130ms]
2023-12-19 17:29:29.470 [info] > git check-ignore -v -z --stdin [22ms]
2023-12-19 17:29:31.489 [info] > git show --textconv :src/php04/css/index.css [21ms]
2023-12-19 17:29:31.491 [info] > git ls-files --stage -- /home/harkeye/coachtech/php/src/php04/css/index.css [14ms]
2023-12-19 22:28:21.760 [info] > git show --textconv :src/php04/css/result.css [16ms]
2023-12-19 22:28:21.764 [info] > git ls-files --stage -- /home/harkeye/coachtech/php/src/php04/css/result.css [5ms]
2023-12-19 22:28:39.999 [info] > git config --get commit.template [16ms]
2023-12-19 22:28:40.001 [info] > git for-each-ref --format=%(refname)%00%(upstream:short)%00%(objectname)%00%(upstream:track)%00%(upstream:remotename)%00%(upstream:remoteref) refs/heads/main refs/remotes/main [3ms]
2023-12-19 22:28:40.017 [warning] ENOENT: no such file or directory, open '/home/harkeye/coachtech/php/.git/refs/remotes/origin/main'
2023-12-19 22:28:40.018 [info] > git rev-parse refs/remotes/origin/main [2ms]
2023-12-19 22:28:40.036 [info] > git status -z -uall [1ms]
2023-12-19 22:28:56.630 [info] > git show --textconv :src/php04/css/index.css [9ms]
2023-12-19 22:28:56.632 [info] > git ls-files --stage -- /home/harkeye/coachtech/php/src/php04/css/index.css [3ms]
2023-12-19 22:29:01.487 [info] > git show --textconv :src/php04/index.php [39ms]
2023-12-19 22:29:01.488 [info] > git ls-files --stage -- /home/harkeye/coachtech/php/src/php04/index.php [32ms]
2023-12-19 22:29:05.309 [info] > git show --textconv :src/php04/css/result.css [16ms]
2023-12-19 22:29:05.317 [info] > git ls-files --stage -- /home/harkeye/coachtech/php/src/php04/css/result.css [10ms]
2023-12-19 22:29:16.019 [info] > git show --textconv :src/php04/result.php [9ms]
2023-12-19 22:29:16.021 [info] > git ls-files --stage -- /home/harkeye/coachtech/php/src/php04/result.php [3ms]
2023-12-19 22:29:36.172 [info] > git show --textconv :src/php04/css/result.css [9ms]
2023-12-19 22:29:36.174 [info] > git ls-files --stage -- /home/harkeye/coachtech/php/src/php04/css/result.css [4ms]
2023-12-19 22:29:43.936 [info] > git show --textconv :src/php04/result.php [7ms]
2023-12-19 22:29:43.937 [info] > git ls-files --stage -- /home/harkeye/coachtech/php/src/php04/result.php [3ms]
2023-12-19 22:29:45.757 [info] > git show --textconv :src/php04/css/index.css [11ms]
2023-12-19 22:29:45.757 [info] > git ls-files --stage -- /home/harkeye/coachtech/php/src/php04/css/index.css [3ms]
2023-12-19 22:29:48.848 [info] > git show --textconv :src/php04/index.php [9ms]
2023-12-19 22:29:48.850 [info] > git ls-files --stage -- /home/harkeye/coachtech/php/src/php04/index.php [3ms]
2023-12-19 22:29:51.626 [info] > git show --textconv :src/php04/result.php [40ms]
2023-12-19 22:29:51.628 [info] > git ls-files --stage -- /home/harkeye/coachtech/php/src/php04/result.php [3ms]
2023-12-19 22:29:52.249 [info] > git show --textconv :src/php04/index.php [10ms]
2023-12-19 22:29:52.251 [info] > git ls-files --stage -- /home/harkeye/coachtech/php/src/php04/index.php [4ms]
2023-12-19 22:30:03.048 [info] > git show --textconv :src/php04/result.php [10ms]
2023-12-19 22:30:03.050 [info] > git ls-files --stage -- /home/harkeye/coachtech/php/src/php04/result.php [4ms]
2023-12-19 22:30:32.166 [info] > git show --textconv :src/php04/index.php [12ms]
2023-12-19 22:30:32.169 [info] > git ls-files --stage -- /home/harkeye/coachtech/php/src/php04/index.php [3ms]
2023-12-19 22:30:39.128 [info] > git show --textconv :src/php04/result.php [11ms]
2023-12-19 22:30:39.130 [info] > git ls-files --stage -- /home/harkeye/coachtech/php/src/php04/result.php [4ms]
2023-12-19 22:32:34.944 [info] > git show --textconv :src/php04/index.php [12ms]
2023-12-19 22:32:34.947 [info] > git ls-files --stage -- /home/harkeye/coachtech/php/src/php04/index.php [5ms]
2023-12-19 22:32:43.349 [info] > git show --textconv :src/php04/result.php [10ms]
2023-12-19 22:32:43.352 [info] > git ls-files --stage -- /home/harkeye/coachtech/php/src/php04/result.php [4ms]
2023-12-19 22:32:45.040 [info] > git show --textconv :src/php04/index.php [11ms]
2023-12-19 22:32:45.042 [info] > git ls-files --stage -- /home/harkeye/coachtech/php/src/php04/index.php [3ms]
2023-12-19 22:32:46.147 [info] > git show --textconv :src/php04/result.php [11ms]
2023-12-19 22:32:46.149 [info] > git ls-files --stage -- /home/harkeye/coachtech/php/src/php04/result.php [4ms]
2023-12-19 22:32:48.403 [info] > git show --textconv :src/php04/index.php [11ms]
2023-12-19 22:32:48.404 [info] > git ls-files --stage -- /home/harkeye/coachtech/php/src/php04/index.php [2ms]
2023-12-19 22:32:56.651 [info] > git show --textconv :src/php04/result.php [7ms]
2023-12-19 22:32:56.653 [info] > git ls-files --stage -- /home/harkeye/coachtech/php/src/php04/result.php [3ms]
2023-12-19 22:32:58.160 [info] > git show --textconv :src/php04/index.php [10ms]
2023-12-19 22:32:58.162 [info] > git ls-files --stage -- /home/harkeye/coachtech/php/src/php04/index.php [4ms]
2023-12-19 22:32:59.926 [info] > git show --textconv :src/php04/result.php [18ms]
2023-12-19 22:32:59.928 [info] > git ls-files --stage -- /home/harkeye/coachtech/php/src/php04/result.php [4ms]
2023-12-19 22:33:34.355 [info] > git show --textconv :src/php04/index.php [11ms]
2023-12-19 22:33:34.355 [info] > git ls-files --stage -- /home/harkeye/coachtech/php/src/php04/index.php [3ms]
2023-12-19 22:33:40.775 [info] > git show --textconv :src/php04/result.php [14ms]
2023-12-19 22:33:40.777 [info] > git ls-files --stage -- /home/harkeye/coachtech/php/src/php04/result.php [4ms]
2023-12-19 22:34:43.103 [info] > git config --get commit.template [11ms]
2023-12-19 22:34:43.104 [info] > git for-each-ref --format=%(refname)%00%(upstream:short)%00%(objectname)%00%(upstream:track)%00%(upstream:remotename)%00%(upstream:remoteref) refs/heads/main refs/remotes/main [2ms]
2023-12-19 22:34:43.110 [warning] ENOENT: no such file or directory, open '/home/harkeye/coachtech/php/.git/refs/remotes/origin/main'
2023-12-19 22:34:43.111 [info] > git rev-parse refs/remotes/origin/main [1ms]
2023-12-19 22:34:43.120 [info] > git status -z -uall [3ms]
2023-12-19 22:37:47.151 [info] > git show --textconv :src/php04/css/result.css [7ms]
2023-12-19 22:37:47.151 [info] > git ls-files --stage -- /home/harkeye/coachtech/php/src/php04/css/result.css [1ms]
2023-12-19 22:37:50.635 [info] > git show --textconv :src/php04/result.php [16ms]
2023-12-19 22:37:50.637 [info] > git ls-files --stage -- /home/harkeye/coachtech/php/src/php04/result.php [7ms]
2023-12-19 22:37:54.790 [info] > git config --get commit.template [13ms]
2023-12-19 22:37:54.791 [info] > git for-each-ref --format=%(refname)%00%(upstream:short)%00%(objectname)%00%(upstream:track)%00%(upstream:remotename)%00%(upstream:remoteref) refs/heads/main refs/remotes/main [2ms]
2023-12-19 22:37:54.798 [warning] ENOENT: no such file or directory, open '/home/harkeye/coachtech/php/.git/refs/remotes/origin/main'
2023-12-19 22:37:54.799 [info] > git rev-parse refs/remotes/origin/main [1ms]
2023-12-19 22:37:54.807 [info] > git status -z -uall [2ms]
2023-12-19 22:37:55.102 [info] > git show --textconv :src/php04/css/result.css [12ms]
2023-12-19 22:37:55.104 [info] > git ls-files --stage -- /home/harkeye/coachtech/php/src/php04/css/result.css [3ms]
2023-12-19 22:40:50.336 [info] > git config --get commit.template [9ms]
2023-12-19 22:40:50.338 [info] > git for-each-ref --format=%(refname)%00%(upstream:short)%00%(objectname)%00%(upstream:track)%00%(upstream:remotename)%00%(upstream:remoteref) refs/heads/main refs/remotes/main [3ms]
2023-12-19 22:40:50.344 [warning] ENOENT: no such file or directory, open '/home/harkeye/coachtech/php/.git/refs/remotes/origin/main'
2023-12-19 22:40:50.345 [info] > git rev-parse refs/remotes/origin/main [1ms]
2023-12-19 22:40:50.353 [info] > git status -z -uall [2ms]
2023-12-19 22:40:52.372 [info] > git show --textconv :src/php04/result.php [13ms]
2023-12-19 22:40:52.375 [info] > git ls-files --stage -- /home/harkeye/coachtech/php/src/php04/result.php [4ms]
2023-12-19 22:44:33.815 [info] > git config --get commit.template [2ms]
2023-12-19 22:44:33.823 [info] > git for-each-ref --format=%(refname)%00%(upstream:short)%00%(objectname)%00%(upstream:track)%00%(upstream:remotename)%00%(upstream:remoteref) refs/heads/main refs/remotes/main [1ms]
2023-12-19 22:44:33.830 [warning] ENOENT: no such file or directory, open '/home/harkeye/coachtech/php/.git/refs/remotes/origin/main'
2023-12-19 22:44:33.831 [info] > git rev-parse refs/remotes/origin/main [1ms]
2023-12-19 22:44:33.838 [info] > git status -z -uall [1ms]
2023-12-19 22:44:38.560 [info] > git show --textconv :src/php04/css/result.css [7ms]
2023-12-19 22:44:38.562 [info] > git ls-files --stage -- /home/harkeye/coachtech/php/src/php04/css/result.css [3ms]
2023-12-20 00:00:42.122 [info] > git show --textconv :src/php04/result.php [37ms]
2023-12-20 00:00:42.124 [info] > git ls-files --stage -- /home/harkeye/coachtech/php/src/php04/result.php [5ms]
2023-12-20 00:01:14.236 [info] > git show --textconv :src/php04/css/result.css [34ms]
2023-12-20 00:01:14.239 [info] > git ls-files --stage -- /home/harkeye/coachtech/php/src/php04/css/result.css [5ms]
2023-12-20 00:04:53.890 [info] > git config --get commit.template [12ms]
2023-12-20 00:04:53.897 [info] > git for-each-ref --format=%(refname)%00%(upstream:short)%00%(objectname)%00%(upstream:track)%00%(upstream:remotename)%00%(upstream:remoteref) refs/heads/main refs/remotes/main [9ms]
2023-12-20 00:04:53.919 [warning] ENOENT: no such file or directory, open '/home/harkeye/coachtech/php/.git/refs/remotes/origin/main'
2023-12-20 00:04:53.921 [info] > git rev-parse refs/remotes/origin/main [2ms]
2023-12-20 00:04:53.951 [info] > git status -z -uall [11ms]
2023-12-20 00:04:54.286 [info] > git show --textconv :src/php04/result.php [10ms]
2023-12-20 00:04:54.288 [info] > git ls-files --stage -- /home/harkeye/coachtech/php/src/php04/result.php [3ms]
2023-12-20 00:06:10.625 [info] > git show --textconv :src/php04/css/result.css [12ms]
2023-12-20 00:06:10.627 [info] > git ls-files --stage -- /home/harkeye/coachtech/php/src/php04/css/result.css [3ms]
2023-12-20 00:08:50.083 [info] > git config --get commit.template [19ms]
2023-12-20 00:08:50.084 [info] > git for-each-ref --format=%(refname)%00%(upstream:short)%00%(objectname)%00%(upstream:track)%00%(upstream:remotename)%00%(upstream:remoteref) refs/heads/main refs/remotes/main [4ms]
2023-12-20 00:08:50.104 [warning] ENOENT: no such file or directory, open '/home/harkeye/coachtech/php/.git/refs/remotes/origin/main'
2023-12-20 00:08:50.105 [info] > git rev-parse refs/remotes/origin/main [2ms]
2023-12-20 00:08:50.138 [info] > git status -z -uall [7ms]
2023-12-20 00:16:06.554 [info] > git show --textconv :src/php04/config/status_codes.php [14ms]
2023-12-20 00:16:06.558 [info] > git ls-files --stage -- /home/harkeye/coachtech/php/src/php04/config/status_codes.php [5ms]
2023-12-20 00:20:56.459 [info] > git config --get commit.template [18ms]
2023-12-20 00:20:56.461 [info] > git for-each-ref --format=%(refname)%00%(upstream:short)%00%(objectname)%00%(upstream:track)%00%(upstream:remotename)%00%(upstream:remoteref) refs/heads/main refs/remotes/main [8ms]
2023-12-20 00:20:56.478 [warning] ENOENT: no such file or directory, open '/home/harkeye/coachtech/php/.git/refs/remotes/origin/main'
2023-12-20 00:20:56.481 [info] > git rev-parse refs/remotes/origin/main [4ms]
2023-12-20 00:20:56.506 [info] > git status -z -uall [6ms]
2023-12-20 00:25:13.036 [info] > git config --get commit.template [13ms]
2023-12-20 00:25:13.038 [info] > git for-each-ref --format=%(refname)%00%(upstream:short)%00%(objectname)%00%(upstream:track)%00%(upstream:remotename)%00%(upstream:remoteref) refs/heads/main refs/remotes/main [3ms]
2023-12-20 00:25:13.047 [warning] ENOENT: no such file or directory, open '/home/harkeye/coachtech/php/.git/refs/remotes/origin/main'
2023-12-20 00:25:13.050 [info] > git rev-parse refs/remotes/origin/main [2ms]
2023-12-20 00:25:13.071 [info] > git status -z -uall [3ms]
2023-12-20 00:27:57.257 [info] > git show --textconv :src/php04/index.php [14ms]
2023-12-20 00:27:57.261 [info] > git ls-files --stage -- /home/harkeye/coachtech/php/src/php04/index.php [5ms]
2023-12-20 00:33:26.828 [info] > git config --get commit.template [3ms]
2023-12-20 00:33:26.840 [info] > git for-each-ref --format=%(refname)%00%(upstream:short)%00%(objectname)%00%(upstream:track)%00%(upstream:remotename)%00%(upstream:remoteref) refs/heads/main refs/remotes/main [3ms]
2023-12-20 00:33:26.851 [warning] ENOENT: no such file or directory, open '/home/harkeye/coachtech/php/.git/refs/remotes/origin/main'
2023-12-20 00:33:26.853 [info] > git rev-parse refs/remotes/origin/main [2ms]
2023-12-20 00:33:26.867 [info] > git status -z -uall [4ms]
2023-12-20 00:41:40.944 [info] > git config --get commit.template [14ms]
2023-12-20 00:41:40.946 [info] > git for-each-ref --format=%(refname)%00%(upstream:short)%00%(objectname)%00%(upstream:track)%00%(upstream:remotename)%00%(upstream:remoteref) refs/heads/main refs/remotes/main [3ms]
2023-12-20 00:41:40.958 [warning] ENOENT: no such file or directory, open '/home/harkeye/coachtech/php/.git/refs/remotes/origin/main'
2023-12-20 00:41:40.960 [info] > git rev-parse refs/remotes/origin/main [3ms]
2023-12-20 00:41:40.975 [info] > git status -z -uall [3ms]
2023-12-20 00:42:31.753 [info] > git show --textconv :src/php04/config/status_codes.php [81ms]
2023-12-20 00:42:31.753 [info] > git show --textconv :src/php04/index.php [61ms]
2023-12-20 00:42:31.754 [info] > git ls-files --stage -- /home/harkeye/coachtech/php/src/php04/index.php [3ms]
2023-12-20 00:42:31.755 [info] > git ls-files --stage -- /home/harkeye/coachtech/php/src/php04/config/status_codes.php [32ms]
2023-12-20 00:45:11.531 [info] > git config --get commit.template [21ms]
2023-12-20 00:45:11.532 [info] > git for-each-ref --format=%(refname)%00%(upstream:short)%00%(objectname)%00%(upstream:track)%00%(upstream:remotename)%00%(upstream:remoteref) refs/heads/main refs/remotes/main [4ms]
2023-12-20 00:45:11.544 [warning] ENOENT: no such file or directory, open '/home/harkeye/coachtech/php/.git/refs/remotes/origin/main'
2023-12-20 00:45:11.546 [info] > git rev-parse refs/remotes/origin/main [2ms]
2023-12-20 00:45:11.566 [info] > git status -z -uall [3ms]
2023-12-20 00:46:11.092 [info] > git config --get commit.template [12ms]
2023-12-20 00:46:11.093 [info] > git for-each-ref --format=%(refname)%00%(upstream:short)%00%(objectname)%00%(upstream:track)%00%(upstream:remotename)%00%(upstream:remoteref) refs/heads/main refs/remotes/main [3ms]
2023-12-20 00:46:11.100 [warning] ENOENT: no such file or directory, open '/home/harkeye/coachtech/php/.git/refs/remotes/origin/main'
2023-12-20 00:46:11.102 [info] > git rev-parse refs/remotes/origin/main [2ms]
2023-12-20 00:46:11.112 [info] > git status -z -uall [2ms]
2023-12-20 00:48:50.167 [info] > git config --get commit.template [18ms]
2023-12-20 00:48:50.168 [info] > git for-each-ref --format=%(refname)%00%(upstream:short)%00%(objectname)%00%(upstream:track)%00%(upstream:remotename)%00%(upstream:remoteref) refs/heads/main refs/remotes/main [4ms]
2023-12-20 00:48:50.179 [warning] ENOENT: no such file or directory, open '/home/harkeye/coachtech/php/.git/refs/remotes/origin/main'
2023-12-20 00:48:50.180 [info] > git rev-parse refs/remotes/origin/main [1ms]
2023-12-20 00:48:50.191 [info] > git status -z -uall [3ms]
