2023-12-20 19:58:32.372 [info] ログ レベル: Info
2023-12-20 19:58:32.372 [info] Git の検証が検出されました: "git"
2023-12-20 19:58:32.372 [info] "git" から Git "2.34.1" を使用しています
2023-12-20 19:58:32.372 [info] > git rev-parse --show-toplevel [13ms]
2023-12-20 19:58:32.372 [info] > git rev-parse --git-dir --git-common-dir [3ms]
2023-12-20 19:58:32.372 [info] Open repository: /home/harkeye/coachtech/php
2023-12-20 19:58:32.372 [info] > git rev-parse --show-toplevel [33ms]
2023-12-20 19:58:32.372 [info] > git config --get commit.template [43ms]
2023-12-20 19:58:32.389 [info] > git rev-parse --show-toplevel [18ms]
2023-12-20 19:58:32.400 [info] > git rev-parse --show-toplevel [2ms]
2023-12-20 19:58:32.409 [info] > git for-each-ref --format=%(refname)%00%(upstream:short)%00%(objectname)%00%(upstream:track)%00%(upstream:remotename)%00%(upstream:remoteref) refs/heads/main refs/remotes/main [29ms]
2023-12-20 19:58:32.416 [info] > git rev-parse --show-toplevel [8ms]
2023-12-20 19:58:32.437 [warning] ENOENT: no such file or directory, open '/home/harkeye/coachtech/php/.git/refs/remotes/origin/main'
2023-12-20 19:58:32.440 [info] > git rev-parse refs/remotes/origin/main [4ms]
2023-12-20 19:58:32.590 [info] > git status -z -uall [139ms]
2023-12-20 19:58:32.649 [info] > git config --get commit.template [3ms]
2023-12-20 19:58:32.665 [info] > git for-each-ref --format=%(refname)%00%(upstream:short)%00%(objectname)%00%(upstream:track)%00%(upstream:remotename)%00%(upstream:remoteref) refs/heads/main refs/remotes/main [9ms]
2023-12-20 19:58:32.673 [warning] ENOENT: no such file or directory, open '/home/harkeye/coachtech/php/.git/refs/remotes/origin/main'
2023-12-20 19:58:32.674 [info] > git rev-parse refs/remotes/origin/main [2ms]
2023-12-20 19:58:32.689 [info] > git status -z -uall [8ms]
2023-12-20 19:58:32.857 [info] > git check-ignore -v -z --stdin [2ms]
2023-12-20 19:58:33.013 [info] > git show --textconv :src/php04/index.php [12ms]
2023-12-20 19:58:33.014 [info] > git ls-files --stage -- /home/harkeye/coachtech/php/src/php04/index.php [4ms]
2023-12-20 20:01:21.881 [info] > git config --get commit.template [12ms]
2023-12-20 20:01:21.883 [info] > git for-each-ref --format=%(refname)%00%(upstream:short)%00%(objectname)%00%(upstream:track)%00%(upstream:remotename)%00%(upstream:remoteref) refs/heads/main refs/remotes/main [10ms]
2023-12-20 20:01:21.891 [warning] ENOENT: no such file or directory, open '/home/harkeye/coachtech/php/.git/refs/remotes/origin/main'
2023-12-20 20:01:21.894 [info] > git rev-parse refs/remotes/origin/main [3ms]
2023-12-20 20:01:21.910 [info] > git status -z -uall [5ms]
2023-12-20 20:04:20.889 [info] > git config --get commit.template [11ms]
2023-12-20 20:04:20.890 [info] > git for-each-ref --format=%(refname)%00%(upstream:short)%00%(objectname)%00%(upstream:track)%00%(upstream:remotename)%00%(upstream:remoteref) refs/heads/main refs/remotes/main [3ms]
2023-12-20 20:04:20.899 [warning] ENOENT: no such file or directory, open '/home/harkeye/coachtech/php/.git/refs/remotes/origin/main'
2023-12-20 20:04:20.900 [info] > git rev-parse refs/remotes/origin/main [2ms]
2023-12-20 20:04:20.911 [info] > git status -z -uall [3ms]
2023-12-20 20:05:10.136 [info] > git config --get commit.template [10ms]
2023-12-20 20:05:10.137 [info] > git for-each-ref --format=%(refname)%00%(upstream:short)%00%(objectname)%00%(upstream:track)%00%(upstream:remotename)%00%(upstream:remoteref) refs/heads/main refs/remotes/main [4ms]
2023-12-20 20:05:10.145 [warning] ENOENT: no such file or directory, open '/home/harkeye/coachtech/php/.git/refs/remotes/origin/main'
2023-12-20 20:05:10.146 [info] > git rev-parse refs/remotes/origin/main [2ms]
2023-12-20 20:05:10.154 [info] > git status -z -uall [2ms]
2023-12-20 20:12:30.701 [info] > git config --get commit.template [12ms]
2023-12-20 20:12:30.702 [info] > git for-each-ref --format=%(refname)%00%(upstream:short)%00%(objectname)%00%(upstream:track)%00%(upstream:remotename)%00%(upstream:remoteref) refs/heads/main refs/remotes/main [5ms]
2023-12-20 20:12:30.710 [warning] ENOENT: no such file or directory, open '/home/harkeye/coachtech/php/.git/refs/remotes/origin/main'
2023-12-20 20:12:30.711 [info] > git rev-parse refs/remotes/origin/main [1ms]
2023-12-20 20:12:30.720 [info] > git status -z -uall [2ms]
2023-12-20 20:13:35.199 [info] > git config --get commit.template [3ms]
2023-12-20 20:13:35.210 [info] > git for-each-ref --format=%(refname)%00%(upstream:short)%00%(objectname)%00%(upstream:track)%00%(upstream:remotename)%00%(upstream:remoteref) refs/heads/main refs/remotes/main [3ms]
2023-12-20 20:13:35.217 [warning] ENOENT: no such file or directory, open '/home/harkeye/coachtech/php/.git/refs/remotes/origin/main'
2023-12-20 20:13:35.218 [info] > git rev-parse refs/remotes/origin/main [1ms]
2023-12-20 20:13:35.229 [info] > git status -z -uall [2ms]
2023-12-20 20:40:38.790 [info] > git config --get commit.template [10ms]
2023-12-20 20:40:38.792 [info] > git for-each-ref --format=%(refname)%00%(upstream:short)%00%(objectname)%00%(upstream:track)%00%(upstream:remotename)%00%(upstream:remoteref) refs/heads/main refs/remotes/main [4ms]
2023-12-20 20:40:38.800 [warning] ENOENT: no such file or directory, open '/home/harkeye/coachtech/php/.git/refs/remotes/origin/main'
2023-12-20 20:40:38.801 [info] > git rev-parse refs/remotes/origin/main [1ms]
2023-12-20 20:40:38.810 [info] > git status -z -uall [3ms]
2023-12-20 20:41:58.163 [info] > git config --get commit.template [12ms]
2023-12-20 20:41:58.163 [info] > git for-each-ref --format=%(refname)%00%(upstream:short)%00%(objectname)%00%(upstream:track)%00%(upstream:remotename)%00%(upstream:remoteref) refs/heads/main refs/remotes/main [4ms]
2023-12-20 20:41:58.171 [warning] ENOENT: no such file or directory, open '/home/harkeye/coachtech/php/.git/refs/remotes/origin/main'
2023-12-20 20:41:58.173 [info] > git rev-parse refs/remotes/origin/main [2ms]
2023-12-20 20:41:58.189 [info] > git status -z -uall [4ms]
2023-12-20 20:43:24.816 [info] > git config --get commit.template [4ms]
2023-12-20 20:43:24.826 [info] > git for-each-ref --format=%(refname)%00%(upstream:short)%00%(objectname)%00%(upstream:track)%00%(upstream:remotename)%00%(upstream:remoteref) refs/heads/main refs/remotes/main [2ms]
2023-12-20 20:43:24.834 [warning] ENOENT: no such file or directory, open '/home/harkeye/coachtech/php/.git/refs/remotes/origin/main'
2023-12-20 20:43:24.835 [info] > git rev-parse refs/remotes/origin/main [2ms]
2023-12-20 20:43:24.842 [info] > git status -z -uall [2ms]
2023-12-20 20:46:09.821 [info] > git show --textconv :src/php04/result.php [13ms]
2023-12-20 20:46:09.825 [info] > git ls-files --stage -- /home/harkeye/coachtech/php/src/php04/result.php [6ms]
2023-12-20 20:55:29.168 [info] > git config --get commit.template [11ms]
2023-12-20 20:55:29.169 [info] > git for-each-ref --format=%(refname)%00%(upstream:short)%00%(objectname)%00%(upstream:track)%00%(upstream:remotename)%00%(upstream:remoteref) refs/heads/main refs/remotes/main [3ms]
2023-12-20 20:55:29.179 [warning] ENOENT: no such file or directory, open '/home/harkeye/coachtech/php/.git/refs/remotes/origin/main'
2023-12-20 20:55:29.180 [info] > git rev-parse refs/remotes/origin/main [1ms]
2023-12-20 20:55:29.204 [info] > git status -z -uall [2ms]
2023-12-20 21:19:26.996 [info] > git config --get commit.template [11ms]
2023-12-20 21:19:26.999 [info] > git for-each-ref --format=%(refname)%00%(upstream:short)%00%(objectname)%00%(upstream:track)%00%(upstream:remotename)%00%(upstream:remoteref) refs/heads/main refs/remotes/main [6ms]
2023-12-20 21:19:27.007 [warning] ENOENT: no such file or directory, open '/home/harkeye/coachtech/php/.git/refs/remotes/origin/main'
2023-12-20 21:19:27.008 [info] > git rev-parse refs/remotes/origin/main [1ms]
2023-12-20 21:19:27.022 [info] > git status -z -uall [3ms]
2023-12-20 21:32:34.675 [info] > git config --get commit.template [9ms]
2023-12-20 21:32:34.676 [info] > git for-each-ref --format=%(refname)%00%(upstream:short)%00%(objectname)%00%(upstream:track)%00%(upstream:remotename)%00%(upstream:remoteref) refs/heads/main refs/remotes/main [3ms]
2023-12-20 21:32:34.680 [warning] ENOENT: no such file or directory, open '/home/harkeye/coachtech/php/.git/refs/remotes/origin/main'
2023-12-20 21:32:34.680 [info] > git rev-parse refs/remotes/origin/main [0ms]
2023-12-20 21:32:34.689 [info] > git status -z -uall [3ms]
2023-12-20 21:34:45.134 [info] > git config --get commit.template [5ms]
2023-12-20 21:34:45.135 [info] > git for-each-ref --format=%(refname)%00%(upstream:short)%00%(objectname)%00%(upstream:track)%00%(upstream:remotename)%00%(upstream:remoteref) refs/heads/main refs/remotes/main [2ms]
2023-12-20 21:34:45.142 [warning] ENOENT: no such file or directory, open '/home/harkeye/coachtech/php/.git/refs/remotes/origin/main'
2023-12-20 21:34:45.143 [info] > git rev-parse refs/remotes/origin/main [1ms]
2023-12-20 21:34:45.152 [info] > git status -z -uall [2ms]
2023-12-20 21:59:22.428 [info] > git config --get commit.template [5ms]
2023-12-20 21:59:22.428 [info] > git for-each-ref --format=%(refname)%00%(upstream:short)%00%(objectname)%00%(upstream:track)%00%(upstream:remotename)%00%(upstream:remoteref) refs/heads/main refs/remotes/main [1ms]
2023-12-20 21:59:22.434 [warning] ENOENT: no such file or directory, open '/home/harkeye/coachtech/php/.git/refs/remotes/origin/main'
2023-12-20 21:59:22.435 [info] > git rev-parse refs/remotes/origin/main [0ms]
2023-12-20 21:59:22.443 [info] > git status -z -uall [1ms]
2023-12-20 22:01:27.559 [info] > git config --get commit.template [2ms]
2023-12-20 22:01:27.570 [info] > git for-each-ref --format=%(refname)%00%(upstream:short)%00%(objectname)%00%(upstream:track)%00%(upstream:remotename)%00%(upstream:remoteref) refs/heads/main refs/remotes/main [2ms]
2023-12-20 22:01:27.579 [warning] ENOENT: no such file or directory, open '/home/harkeye/coachtech/php/.git/refs/remotes/origin/main'
2023-12-20 22:01:27.581 [info] > git rev-parse refs/remotes/origin/main [2ms]
2023-12-20 22:01:27.593 [info] > git status -z -uall [4ms]
2023-12-20 22:02:26.457 [info] > git show --textconv :src/php04/config/status_codes.php [13ms]
2023-12-20 22:02:26.461 [info] > git ls-files --stage -- /home/harkeye/coachtech/php/src/php04/config/status_codes.php [9ms]
2023-12-20 22:02:47.028 [info] > git show --textconv :src/php04/index.php [13ms]
2023-12-20 22:02:47.031 [info] > git ls-files --stage -- /home/harkeye/coachtech/php/src/php04/index.php [4ms]
2023-12-20 22:11:05.813 [info] > git config --get commit.template [12ms]
2023-12-20 22:11:05.814 [info] > git for-each-ref --format=%(refname)%00%(upstream:short)%00%(objectname)%00%(upstream:track)%00%(upstream:remotename)%00%(upstream:remoteref) refs/heads/main refs/remotes/main [3ms]
2023-12-20 22:11:05.825 [warning] ENOENT: no such file or directory, open '/home/harkeye/coachtech/php/.git/refs/remotes/origin/main'
2023-12-20 22:11:05.827 [info] > git rev-parse refs/remotes/origin/main [2ms]
2023-12-20 22:11:05.839 [info] > git status -z -uall [3ms]
2023-12-20 22:14:08.233 [info] > git show --textconv :src/php04/result.php [7ms]
2023-12-20 22:14:08.235 [info] > git ls-files --stage -- /home/harkeye/coachtech/php/src/php04/result.php [3ms]
2023-12-20 22:17:16.231 [info] > git config --get commit.template [5ms]
2023-12-20 22:17:16.244 [info] > git for-each-ref --format=%(refname)%00%(upstream:short)%00%(objectname)%00%(upstream:track)%00%(upstream:remotename)%00%(upstream:remoteref) refs/heads/main refs/remotes/main [2ms]
2023-12-20 22:17:16.254 [warning] ENOENT: no such file or directory, open '/home/harkeye/coachtech/php/.git/refs/remotes/origin/main'
2023-12-20 22:17:16.256 [info] > git rev-parse refs/remotes/origin/main [1ms]
2023-12-20 22:17:16.269 [info] > git status -z -uall [2ms]
2023-12-20 22:22:02.238 [info] > git config --get commit.template [8ms]
2023-12-20 22:22:02.239 [info] > git for-each-ref --format=%(refname)%00%(upstream:short)%00%(objectname)%00%(upstream:track)%00%(upstream:remotename)%00%(upstream:remoteref) refs/heads/main refs/remotes/main [2ms]
2023-12-20 22:22:02.246 [warning] ENOENT: no such file or directory, open '/home/harkeye/coachtech/php/.git/refs/remotes/origin/main'
2023-12-20 22:22:02.248 [info] > git rev-parse refs/remotes/origin/main [2ms]
2023-12-20 22:22:02.257 [info] > git status -z -uall [2ms]
2023-12-20 22:24:45.135 [info] > git show --textconv :src/php04/index.php [8ms]
2023-12-20 22:24:45.142 [info] > git ls-files --stage -- /home/harkeye/coachtech/php/src/php04/index.php [4ms]
2023-12-20 22:25:15.203 [info] > git config --get commit.template [11ms]
2023-12-20 22:25:15.204 [info] > git for-each-ref --format=%(refname)%00%(upstream:short)%00%(objectname)%00%(upstream:track)%00%(upstream:remotename)%00%(upstream:remoteref) refs/heads/main refs/remotes/main [2ms]
2023-12-20 22:25:15.210 [warning] ENOENT: no such file or directory, open '/home/harkeye/coachtech/php/.git/refs/remotes/origin/main'
2023-12-20 22:25:15.211 [info] > git rev-parse refs/remotes/origin/main [1ms]
2023-12-20 22:25:15.219 [info] > git status -z -uall [1ms]
2023-12-20 22:26:25.910 [info] > git show --textconv :src/code quiz php04/index.php [11ms]
2023-12-20 22:26:25.912 [info] > git ls-files --stage -- /home/harkeye/coachtech/php/src/code quiz php04/index.php [4ms]
2023-12-20 22:26:26.266 [info] > git check-ignore -v -z --stdin [4ms]
2023-12-20 22:26:26.670 [info] > git config --get commit.template [13ms]
2023-12-20 22:26:26.671 [info] > git for-each-ref --format=%(refname)%00%(upstream:short)%00%(objectname)%00%(upstream:track)%00%(upstream:remotename)%00%(upstream:remoteref) refs/heads/main refs/remotes/main [4ms]
2023-12-20 22:26:26.680 [warning] ENOENT: no such file or directory, open '/home/harkeye/coachtech/php/.git/refs/remotes/origin/main'
2023-12-20 22:26:26.682 [info] > git rev-parse refs/remotes/origin/main [2ms]
2023-12-20 22:26:26.694 [info] > git status -z -uall [2ms]
2023-12-20 22:27:18.254 [info] > git show --textconv :src/code quizアプリ php04/index.php [7ms]
2023-12-20 22:27:18.255 [info] > git ls-files --stage -- /home/harkeye/coachtech/php/src/code quizアプリ php04/index.php [2ms]
2023-12-20 22:27:18.654 [info] > git check-ignore -v -z --stdin [2ms]
2023-12-20 22:27:19.049 [info] > git config --get commit.template [13ms]
2023-12-20 22:27:19.051 [info] > git for-each-ref --format=%(refname)%00%(upstream:short)%00%(objectname)%00%(upstream:track)%00%(upstream:remotename)%00%(upstream:remoteref) refs/heads/main refs/remotes/main [3ms]
2023-12-20 22:27:19.061 [warning] ENOENT: no such file or directory, open '/home/harkeye/coachtech/php/.git/refs/remotes/origin/main'
2023-12-20 22:27:19.063 [info] > git rev-parse refs/remotes/origin/main [2ms]
2023-12-20 22:27:19.078 [info] > git status -z -uall [2ms]
