2023-12-22 12:21:26.577 [info] ログ レベル: Info
2023-12-22 12:21:26.577 [info] Git の検証が検出されました: "git"
2023-12-22 12:21:26.577 [info] "git" から Git "2.34.1" を使用しています
2023-12-22 12:21:26.603 [info] > git rev-parse --show-toplevel [35ms]
2023-12-22 12:21:26.646 [info] > git rev-parse --git-dir --git-common-dir [28ms]
2023-12-22 12:21:26.719 [info] Open repository: /home/harkeye/coachtech/php
2023-12-22 12:21:26.798 [info] > git rev-parse --show-toplevel [42ms]
2023-12-22 12:21:26.801 [info] > git config --get commit.template [59ms]
2023-12-22 12:21:27.125 [info] > git rev-parse --show-toplevel [288ms]
2023-12-22 12:21:27.160 [info] > git for-each-ref --format=%(refname)%00%(upstream:short)%00%(objectname)%00%(upstream:track)%00%(upstream:remotename)%00%(upstream:remoteref) refs/heads/main refs/remotes/main [282ms]
2023-12-22 12:21:27.172 [warning] ENOENT: no such file or directory, open '/home/harkeye/coachtech/php/.git/refs/remotes/origin/main'
2023-12-22 12:21:27.173 [info] > git rev-parse --show-toplevel [24ms]
2023-12-22 12:21:27.181 [info] > git rev-parse refs/remotes/origin/main [10ms]
2023-12-22 12:21:27.293 [info] > git rev-parse --show-toplevel [8ms]
2023-12-22 12:21:27.328 [info] > git status -z -uall [47ms]
2023-12-22 12:21:27.428 [info] > git check-ignore -v -z --stdin [17ms]
2023-12-22 12:21:27.539 [info] > git config --get commit.template [111ms]
2023-12-22 12:21:27.560 [info] > git for-each-ref --format=%(refname)%00%(upstream:short)%00%(objectname)%00%(upstream:track)%00%(upstream:remotename)%00%(upstream:remoteref) refs/heads/main refs/remotes/main [4ms]
2023-12-22 12:21:27.575 [warning] ENOENT: no such file or directory, open '/home/harkeye/coachtech/php/.git/refs/remotes/origin/main'
2023-12-22 12:21:27.578 [info] > git rev-parse refs/remotes/origin/main [3ms]
2023-12-22 12:21:27.590 [info] > git status -z -uall [4ms]
2023-12-22 12:21:27.904 [info] > git show --textconv :src/code quizアプリ php04/index.php [45ms]
2023-12-22 12:21:27.910 [info] > git ls-files --stage -- /home/harkeye/coachtech/php/src/code quizアプリ php04/index.php [9ms]
