2023-12-18 10:43:26.947 [info] Extension host with pid 1439 started
2023-12-18 10:43:26.962 [error] Error: EEXIST: file already exists, open '/home/harkeye/.vscode-server/data/User/workspaceStorage/8e05db0ccd87054021ca01e9a8bb7a71/vscode.lock'
2023-12-18 10:43:26.984 [info] Lock '/home/harkeye/.vscode-server/data/User/workspaceStorage/8e05db0ccd87054021ca01e9a8bb7a71/vscode.lock': Could not acquire lock, checking if the file is stale.
2023-12-18 10:43:27.079 [info] ExtensionService#_doActivateExtension vscode.php-language-features, startup: false, activationEvent: 'onLanguage:php'
2023-12-18 10:43:27.084 [info] ExtensionService#_doActivateExtension vscode.emmet, startup: false, activationEvent: 'onLanguage'
2023-12-18 10:43:27.102 [info] Lock '/home/harkeye/.vscode-server/data/User/workspaceStorage/8e05db0ccd87054021ca01e9a8bb7a71/vscode.lock': The pid 3751 appears to be gone.
2023-12-18 10:43:27.102 [info] Lock '/home/harkeye/.vscode-server/data/User/workspaceStorage/8e05db0ccd87054021ca01e9a8bb7a71/vscode.lock': Deleting a stale lock.
2023-12-18 10:43:27.160 [info] Lock '/home/harkeye/.vscode-server/data/User/workspaceStorage/8e05db0ccd87054021ca01e9a8bb7a71/vscode.lock': Lock acquired.
2023-12-18 10:43:27.975 [info] ExtensionService#_doActivateExtension vscode.git-base, startup: true, activationEvent: '*', root cause: vscode.git
2023-12-18 10:43:28.174 [info] ExtensionService#_doActivateExtension vscode.json-language-features, startup: false, activationEvent: 'onLanguage:jsonc'
2023-12-18 10:43:28.175 [info] ExtensionService#_doActivateExtension vscode.typescript-language-features, startup: false, activationEvent: 'onLanguage:jsonc'
2023-12-18 10:43:28.201 [info] ExtensionService#_doActivateExtension vscode.git, startup: true, activationEvent: '*'
2023-12-18 10:43:28.202 [info] ExtensionService#_doActivateExtension vscode.github, startup: true, activationEvent: '*'
2023-12-18 10:43:29.963 [info] Eager extensions activated
2023-12-18 10:43:29.963 [info] ExtensionService#_doActivateExtension vscode.debug-auto-launch, startup: false, activationEvent: 'onStartupFinished'
2023-12-18 10:43:29.965 [info] ExtensionService#_doActivateExtension vscode.merge-conflict, startup: false, activationEvent: 'onStartupFinished'
2023-12-18 10:44:20.143 [info] ExtensionService#_doActivateExtension vscode.html-language-features, startup: false, activationEvent: 'onLanguage:html'
2023-12-18 13:49:06.823 [info] Extension host terminating: received terminate message from renderer
2023-12-18 13:49:06.836 [info] Lock '/home/harkeye/.vscode-server/data/User/workspaceStorage/8e05db0ccd87054021ca01e9a8bb7a71/vscode.lock': Marking the lockfile as scheduled to be released in 6000 ms.
2023-12-18 13:49:07.227 [info] Extension host with pid 1439 exiting with code 0
